[2025-05-20 06:46:06] INFO: Application started
[2025-05-20 06:46:06] INFO: Request method: GET
[2025-05-20 06:46:06] INFO: Request URI: /dashboard
[2025-05-20 06:46:06] INFO: Request headers: {"Host":"localhost:8000","Connection":"keep-alive","Cache-Control":"max-age=0","sec-ch-ua":"\"Chromium\";v=\"136\", \"Google Chrome\";v=\"136\", \"Not.A\/Brand\";v=\"99\"","sec-ch-ua-mobile":"?0","sec-ch-ua-platform":"\"Windows\"","DNT":"1","Upgrade-Insecure-Requests":"1","User-Agent":"Mozilla\/5.0 (Windows NT 10.0; Win64; x64) AppleWebKit\/537.36 (KHTML, like Gecko) Chrome\/136.0.0.0 Safari\/537.36","Accept":"text\/html,application\/xhtml+xml,application\/xml;q=0.9,image\/avif,image\/webp,image\/apng,*\/*;q=0.8,application\/signed-exchange;v=b3;q=0.7","Sec-Fetch-Site":"none","Sec-Fetch-Mode":"navigate","Sec-Fetch-User":"?1","Sec-Fetch-Dest":"document","Accept-Encoding":"gzip, deflate, br, zstd","Accept-Language":"en-ID,en;q=0.9,id-ID;q=0.8,id;q=0.7,en-GB;q=0.6,en-US;q=0.5","Cookie":"frontend_lang=en_US; token=eyJhbGciOiJIUzI1NiIsInR5cCI6IkpXVCJ9.eyJkYXRhIjp7InVzZXJJZCI6MTUwLCJjb21wYW55SWQiOjEsImNvbXBhbnlDb2RlIjoiaHlnaWVuZSIsIkVycFNhbGVzUGVyc29uQ29kZSI6IiIsInJvbGVOYW1lIjoiQURNSU4iLCJ0ZXJyaXRvcmllcyI6WzExXSwiZW1haWwiOiJhZG1pbi5zYWxlc2FwcCIsInVzZXJuYW1lIjoiYWRtaW4uc2FsZXNhcHAifSwiaWF0IjoxNzQ3NjQyMzIyLCJleHAiOjE3NDgyNDcxMjJ9.DXIPP3PQIlMOpC-zo46_YjxfTgY0Xl0Ck5GEBFd0lFM; additional={%22company_id%22:1%2C%22company_code%22:%22hygiene%22%2C%22user_id%22:150%2C%22erp_sales_person_code%22:%22%22%2C%22fullname%22:%22Admin%20Salesapp%22%2C%22role_name%22:%22ADMIN%22%2C%22username%22:%22admin.salesapp%22%2C%22email%22:%22admin.salesapp@ecocare.co.id%22%2C%22territories%22:[{%22territory_id%22:11%2C%22territory_name%22:%22HO%22}]}; PHPSESSID=qhumd6ostfqhgc5hs61icr88eo"}
[2025-05-20 06:46:06] INFO: Request body: 
[2025-05-20 06:46:26] INFO: Application started
[2025-05-20 06:46:26] INFO: Request method: GET
[2025-05-20 06:46:26] INFO: Request URI: /dashboard
[2025-05-20 06:46:26] INFO: Request headers: {"Host":"localhost:8000","Connection":"keep-alive","Cache-Control":"max-age=0","sec-ch-ua":"\"Chromium\";v=\"136\", \"Google Chrome\";v=\"136\", \"Not.A\/Brand\";v=\"99\"","sec-ch-ua-mobile":"?0","sec-ch-ua-platform":"\"Windows\"","DNT":"1","Upgrade-Insecure-Requests":"1","User-Agent":"Mozilla\/5.0 (Windows NT 10.0; Win64; x64) AppleWebKit\/537.36 (KHTML, like Gecko) Chrome\/136.0.0.0 Safari\/537.36","Accept":"text\/html,application\/xhtml+xml,application\/xml;q=0.9,image\/avif,image\/webp,image\/apng,*\/*;q=0.8,application\/signed-exchange;v=b3;q=0.7","Sec-Fetch-Site":"none","Sec-Fetch-Mode":"navigate","Sec-Fetch-User":"?1","Sec-Fetch-Dest":"document","Accept-Encoding":"gzip, deflate, br, zstd","Accept-Language":"en-ID,en;q=0.9,id-ID;q=0.8,id;q=0.7,en-GB;q=0.6,en-US;q=0.5","Cookie":"frontend_lang=en_US; token=eyJhbGciOiJIUzI1NiIsInR5cCI6IkpXVCJ9.eyJkYXRhIjp7InVzZXJJZCI6MTUwLCJjb21wYW55SWQiOjEsImNvbXBhbnlDb2RlIjoiaHlnaWVuZSIsIkVycFNhbGVzUGVyc29uQ29kZSI6IiIsInJvbGVOYW1lIjoiQURNSU4iLCJ0ZXJyaXRvcmllcyI6WzExXSwiZW1haWwiOiJhZG1pbi5zYWxlc2FwcCIsInVzZXJuYW1lIjoiYWRtaW4uc2FsZXNhcHAifSwiaWF0IjoxNzQ3NjQyMzIyLCJleHAiOjE3NDgyNDcxMjJ9.DXIPP3PQIlMOpC-zo46_YjxfTgY0Xl0Ck5GEBFd0lFM; additional={%22company_id%22:1%2C%22company_code%22:%22hygiene%22%2C%22user_id%22:150%2C%22erp_sales_person_code%22:%22%22%2C%22fullname%22:%22Admin%20Salesapp%22%2C%22role_name%22:%22ADMIN%22%2C%22username%22:%22admin.salesapp%22%2C%22email%22:%22admin.salesapp@ecocare.co.id%22%2C%22territories%22:[{%22territory_id%22:11%2C%22territory_name%22:%22HO%22}]}; PHPSESSID=qhumd6ostfqhgc5hs61icr88eo"}
[2025-05-20 06:46:26] INFO: Request body: 
[2025-05-20 06:55:18] INFO: Application started
[2025-05-20 06:55:18] INFO: Request method: GET
[2025-05-20 06:55:18] INFO: Request URI: /dashboard
[2025-05-20 06:55:18] INFO: Request headers: {"Host":"localhost:8000","Connection":"keep-alive","Cache-Control":"max-age=0","sec-ch-ua":"\"Chromium\";v=\"136\", \"Google Chrome\";v=\"136\", \"Not.A\/Brand\";v=\"99\"","sec-ch-ua-mobile":"?0","sec-ch-ua-platform":"\"Windows\"","DNT":"1","Upgrade-Insecure-Requests":"1","User-Agent":"Mozilla\/5.0 (Windows NT 10.0; Win64; x64) AppleWebKit\/537.36 (KHTML, like Gecko) Chrome\/136.0.0.0 Safari\/537.36","Accept":"text\/html,application\/xhtml+xml,application\/xml;q=0.9,image\/avif,image\/webp,image\/apng,*\/*;q=0.8,application\/signed-exchange;v=b3;q=0.7","Sec-Fetch-Site":"none","Sec-Fetch-Mode":"navigate","Sec-Fetch-User":"?1","Sec-Fetch-Dest":"document","Accept-Encoding":"gzip, deflate, br, zstd","Accept-Language":"en-ID,en;q=0.9,id-ID;q=0.8,id;q=0.7,en-GB;q=0.6,en-US;q=0.5","Cookie":"frontend_lang=en_US; token=eyJhbGciOiJIUzI1NiIsInR5cCI6IkpXVCJ9.eyJkYXRhIjp7InVzZXJJZCI6MTUwLCJjb21wYW55SWQiOjEsImNvbXBhbnlDb2RlIjoiaHlnaWVuZSIsIkVycFNhbGVzUGVyc29uQ29kZSI6IiIsInJvbGVOYW1lIjoiQURNSU4iLCJ0ZXJyaXRvcmllcyI6WzExXSwiZW1haWwiOiJhZG1pbi5zYWxlc2FwcCIsInVzZXJuYW1lIjoiYWRtaW4uc2FsZXNhcHAifSwiaWF0IjoxNzQ3NjQyMzIyLCJleHAiOjE3NDgyNDcxMjJ9.DXIPP3PQIlMOpC-zo46_YjxfTgY0Xl0Ck5GEBFd0lFM; additional={%22company_id%22:1%2C%22company_code%22:%22hygiene%22%2C%22user_id%22:150%2C%22erp_sales_person_code%22:%22%22%2C%22fullname%22:%22Admin%20Salesapp%22%2C%22role_name%22:%22ADMIN%22%2C%22username%22:%22admin.salesapp%22%2C%22email%22:%22admin.salesapp@ecocare.co.id%22%2C%22territories%22:[{%22territory_id%22:11%2C%22territory_name%22:%22HO%22}]}; PHPSESSID=qhumd6ostfqhgc5hs61icr88eo"}
[2025-05-20 06:55:18] INFO: Request body: 
[2025-05-20 06:55:26] INFO: Application started
[2025-05-20 06:55:26] INFO: Request method: GET
[2025-05-20 06:55:26] INFO: Request URI: /auth/login
[2025-05-20 06:55:26] INFO: Request headers: {"Host":"localhost:8000","Connection":"keep-alive","sec-ch-ua":"\"Chromium\";v=\"136\", \"Google Chrome\";v=\"136\", \"Not.A\/Brand\";v=\"99\"","sec-ch-ua-mobile":"?0","sec-ch-ua-platform":"\"Windows\"","DNT":"1","Upgrade-Insecure-Requests":"1","User-Agent":"Mozilla\/5.0 (Windows NT 10.0; Win64; x64) AppleWebKit\/537.36 (KHTML, like Gecko) Chrome\/136.0.0.0 Safari\/537.36","Accept":"text\/html,application\/xhtml+xml,application\/xml;q=0.9,image\/avif,image\/webp,image\/apng,*\/*;q=0.8,application\/signed-exchange;v=b3;q=0.7","Sec-Fetch-Site":"none","Sec-Fetch-Mode":"navigate","Sec-Fetch-User":"?1","Sec-Fetch-Dest":"document","Accept-Encoding":"gzip, deflate, br, zstd","Accept-Language":"en-ID,en;q=0.9,id-ID;q=0.8,id;q=0.7,en-GB;q=0.6,en-US;q=0.5","Cookie":"frontend_lang=en_US; token=eyJhbGciOiJIUzI1NiIsInR5cCI6IkpXVCJ9.eyJkYXRhIjp7InVzZXJJZCI6MTUwLCJjb21wYW55SWQiOjEsImNvbXBhbnlDb2RlIjoiaHlnaWVuZSIsIkVycFNhbGVzUGVyc29uQ29kZSI6IiIsInJvbGVOYW1lIjoiQURNSU4iLCJ0ZXJyaXRvcmllcyI6WzExXSwiZW1haWwiOiJhZG1pbi5zYWxlc2FwcCIsInVzZXJuYW1lIjoiYWRtaW4uc2FsZXNhcHAifSwiaWF0IjoxNzQ3NjQyMzIyLCJleHAiOjE3NDgyNDcxMjJ9.DXIPP3PQIlMOpC-zo46_YjxfTgY0Xl0Ck5GEBFd0lFM; additional={%22company_id%22:1%2C%22company_code%22:%22hygiene%22%2C%22user_id%22:150%2C%22erp_sales_person_code%22:%22%22%2C%22fullname%22:%22Admin%20Salesapp%22%2C%22role_name%22:%22ADMIN%22%2C%22username%22:%22admin.salesapp%22%2C%22email%22:%22admin.salesapp@ecocare.co.id%22%2C%22territories%22:[{%22territory_id%22:11%2C%22territory_name%22:%22HO%22}]}; PHPSESSID=qhumd6ostfqhgc5hs61icr88eo"}
[2025-05-20 06:55:26] INFO: Request body: 
[2025-05-20 07:01:00] INFO: Application started
[2025-05-20 07:01:00] INFO: Request method: GET
[2025-05-20 07:01:00] INFO: Request URI: /dashboard
[2025-05-20 07:01:00] INFO: Request headers: {"Host":"localhost:8000","Connection":"keep-alive","sec-ch-ua":"\"Chromium\";v=\"136\", \"Google Chrome\";v=\"136\", \"Not.A\/Brand\";v=\"99\"","sec-ch-ua-mobile":"?0","sec-ch-ua-platform":"\"Windows\"","DNT":"1","Upgrade-Insecure-Requests":"1","User-Agent":"Mozilla\/5.0 (Windows NT 10.0; Win64; x64) AppleWebKit\/537.36 (KHTML, like Gecko) Chrome\/136.0.0.0 Safari\/537.36","Accept":"text\/html,application\/xhtml+xml,application\/xml;q=0.9,image\/avif,image\/webp,image\/apng,*\/*;q=0.8,application\/signed-exchange;v=b3;q=0.7","Sec-Fetch-Site":"none","Sec-Fetch-Mode":"navigate","Sec-Fetch-User":"?1","Sec-Fetch-Dest":"document","Accept-Encoding":"gzip, deflate, br, zstd","Accept-Language":"en-ID,en;q=0.9,id-ID;q=0.8,id;q=0.7,en-GB;q=0.6,en-US;q=0.5","Cookie":"frontend_lang=en_US; token=eyJhbGciOiJIUzI1NiIsInR5cCI6IkpXVCJ9.eyJkYXRhIjp7InVzZXJJZCI6MTUwLCJjb21wYW55SWQiOjEsImNvbXBhbnlDb2RlIjoiaHlnaWVuZSIsIkVycFNhbGVzUGVyc29uQ29kZSI6IiIsInJvbGVOYW1lIjoiQURNSU4iLCJ0ZXJyaXRvcmllcyI6WzExXSwiZW1haWwiOiJhZG1pbi5zYWxlc2FwcCIsInVzZXJuYW1lIjoiYWRtaW4uc2FsZXNhcHAifSwiaWF0IjoxNzQ3NjQyMzIyLCJleHAiOjE3NDgyNDcxMjJ9.DXIPP3PQIlMOpC-zo46_YjxfTgY0Xl0Ck5GEBFd0lFM; additional={%22company_id%22:1%2C%22company_code%22:%22hygiene%22%2C%22user_id%22:150%2C%22erp_sales_person_code%22:%22%22%2C%22fullname%22:%22Admin%20Salesapp%22%2C%22role_name%22:%22ADMIN%22%2C%22username%22:%22admin.salesapp%22%2C%22email%22:%22admin.salesapp@ecocare.co.id%22%2C%22territories%22:[{%22territory_id%22:11%2C%22territory_name%22:%22HO%22}]}; PHPSESSID=qhumd6ostfqhgc5hs61icr88eo"}
[2025-05-20 07:01:00] INFO: Request body: 
[2025-05-20 08:17:51] INFO: Application started
[2025-05-20 08:17:51] INFO: Request method: GET
[2025-05-20 08:17:51] INFO: Request URI: /dashboard
[2025-05-20 08:17:51] INFO: Request headers: {"Host":"localhost:8000","Connection":"keep-alive","Cache-Control":"max-age=0","sec-ch-ua":"\"Chromium\";v=\"136\", \"Google Chrome\";v=\"136\", \"Not.A\/Brand\";v=\"99\"","sec-ch-ua-mobile":"?0","sec-ch-ua-platform":"\"Windows\"","DNT":"1","Upgrade-Insecure-Requests":"1","User-Agent":"Mozilla\/5.0 (Windows NT 10.0; Win64; x64) AppleWebKit\/537.36 (KHTML, like Gecko) Chrome\/136.0.0.0 Safari\/537.36","Accept":"text\/html,application\/xhtml+xml,application\/xml;q=0.9,image\/avif,image\/webp,image\/apng,*\/*;q=0.8,application\/signed-exchange;v=b3;q=0.7","Sec-Fetch-Site":"none","Sec-Fetch-Mode":"navigate","Sec-Fetch-User":"?1","Sec-Fetch-Dest":"document","Accept-Encoding":"gzip, deflate, br, zstd","Accept-Language":"en-ID,en;q=0.9,id-ID;q=0.8,id;q=0.7,en-GB;q=0.6,en-US;q=0.5","Cookie":"frontend_lang=en_US; PHPSESSID=qhumd6ostfqhgc5hs61icr88eo"}
[2025-05-20 08:17:51] INFO: Request body: 
[2025-05-20 08:17:54] INFO: Application started
[2025-05-20 08:17:54] INFO: Request method: GET
[2025-05-20 08:17:54] INFO: Request URI: /auth/login
[2025-05-20 08:17:54] INFO: Request headers: {"Host":"localhost:8000","Connection":"keep-alive","sec-ch-ua":"\"Chromium\";v=\"136\", \"Google Chrome\";v=\"136\", \"Not.A\/Brand\";v=\"99\"","sec-ch-ua-mobile":"?0","sec-ch-ua-platform":"\"Windows\"","DNT":"1","Upgrade-Insecure-Requests":"1","User-Agent":"Mozilla\/5.0 (Windows NT 10.0; Win64; x64) AppleWebKit\/537.36 (KHTML, like Gecko) Chrome\/136.0.0.0 Safari\/537.36","Sec-Purpose":"prefetch;prerender","Purpose":"prefetch","Accept":"text\/html,application\/xhtml+xml,application\/xml;q=0.9,image\/avif,image\/webp,image\/apng,*\/*;q=0.8,application\/signed-exchange;v=b3;q=0.7","Sec-Fetch-Site":"none","Sec-Fetch-Mode":"navigate","Sec-Fetch-User":"?1","Sec-Fetch-Dest":"document","Accept-Encoding":"gzip, deflate, br, zstd","Accept-Language":"en-ID,en;q=0.9,id-ID;q=0.8,id;q=0.7,en-GB;q=0.6,en-US;q=0.5","Cookie":"frontend_lang=en_US; PHPSESSID=qhumd6ostfqhgc5hs61icr88eo"}
[2025-05-20 08:17:54] INFO: Request body: 
[2025-05-20 08:18:03] INFO: Application started
[2025-05-20 08:18:03] INFO: Request method: GET
[2025-05-20 08:18:03] INFO: Request URI: /auth/login
[2025-05-20 08:18:03] INFO: Request headers: {"Host":"localhost:8000","Connection":"keep-alive","Cache-Control":"max-age=0","sec-ch-ua":"\"Chromium\";v=\"136\", \"Google Chrome\";v=\"136\", \"Not.A\/Brand\";v=\"99\"","sec-ch-ua-mobile":"?0","sec-ch-ua-platform":"\"Windows\"","DNT":"1","Upgrade-Insecure-Requests":"1","User-Agent":"Mozilla\/5.0 (Windows NT 10.0; Win64; x64) AppleWebKit\/537.36 (KHTML, like Gecko) Chrome\/136.0.0.0 Safari\/537.36","Accept":"text\/html,application\/xhtml+xml,application\/xml;q=0.9,image\/avif,image\/webp,image\/apng,*\/*;q=0.8,application\/signed-exchange;v=b3;q=0.7","Sec-Fetch-Site":"none","Sec-Fetch-Mode":"navigate","Sec-Fetch-User":"?1","Sec-Fetch-Dest":"document","Accept-Encoding":"gzip, deflate, br, zstd","Accept-Language":"en-ID,en;q=0.9,id-ID;q=0.8,id;q=0.7,en-GB;q=0.6,en-US;q=0.5"}
[2025-05-20 08:18:03] INFO: Request body: 
[2025-05-20 08:18:09] INFO: Application started
[2025-05-20 08:18:09] INFO: Request method: POST
[2025-05-20 08:18:09] INFO: Request URI: /auth/login
[2025-05-20 08:18:09] INFO: Request headers: {"Host":"localhost:8000","Connection":"keep-alive","Content-Length":"104","Cache-Control":"max-age=0","sec-ch-ua":"\"Chromium\";v=\"136\", \"Google Chrome\";v=\"136\", \"Not.A\/Brand\";v=\"99\"","sec-ch-ua-mobile":"?0","sec-ch-ua-platform":"\"Windows\"","Origin":"http:\/\/localhost:8000","DNT":"1","Upgrade-Insecure-Requests":"1","Content-Type":"application\/x-www-form-urlencoded","User-Agent":"Mozilla\/5.0 (Windows NT 10.0; Win64; x64) AppleWebKit\/537.36 (KHTML, like Gecko) Chrome\/136.0.0.0 Safari\/537.36","Accept":"text\/html,application\/xhtml+xml,application\/xml;q=0.9,image\/avif,image\/webp,image\/apng,*\/*;q=0.8,application\/signed-exchange;v=b3;q=0.7","Sec-Fetch-Site":"same-origin","Sec-Fetch-Mode":"navigate","Sec-Fetch-User":"?1","Sec-Fetch-Dest":"document","Referer":"http:\/\/localhost:8000\/auth\/login","Accept-Encoding":"gzip, deflate, br, zstd","Accept-Language":"en-ID,en;q=0.9,id-ID;q=0.8,id;q=0.7,en-GB;q=0.6,en-US;q=0.5","Cookie":"PHPSESSID=tf4ebgih8l3dsu46eh86btbsq1"}
[2025-05-20 08:18:09] INFO: Request body: _csrf_token=b4ad9bd940365da56d8e71bb7fda9b3d7217721e3cd44871dd31e4ab5d9c12ed&username=asdf&password=asdf
[2025-05-20 08:18:09] INFO: Attempting to log in user.
[2025-05-20 08:18:09] INFO: Username: asdf
[2025-05-20 08:18:09] INFO: Password: asdf
[2025-05-20 08:18:09] INFO: Creating AuthService instance.
[2025-05-20 08:18:09] INFO: Application started
[2025-05-20 08:18:09] INFO: Request method: GET
[2025-05-20 08:18:09] INFO: Request URI: /auth/login
[2025-05-20 08:18:09] INFO: Request headers: {"Host":"localhost:8000","Connection":"keep-alive","Cache-Control":"max-age=0","DNT":"1","Upgrade-Insecure-Requests":"1","User-Agent":"Mozilla\/5.0 (Windows NT 10.0; Win64; x64) AppleWebKit\/537.36 (KHTML, like Gecko) Chrome\/136.0.0.0 Safari\/537.36","Accept":"text\/html,application\/xhtml+xml,application\/xml;q=0.9,image\/avif,image\/webp,image\/apng,*\/*;q=0.8,application\/signed-exchange;v=b3;q=0.7","Sec-Fetch-Site":"same-origin","Sec-Fetch-Mode":"navigate","Sec-Fetch-User":"?1","Sec-Fetch-Dest":"document","sec-ch-ua":"\"Chromium\";v=\"136\", \"Google Chrome\";v=\"136\", \"Not.A\/Brand\";v=\"99\"","sec-ch-ua-mobile":"?0","sec-ch-ua-platform":"\"Windows\"","Referer":"http:\/\/localhost:8000\/auth\/login","Accept-Encoding":"gzip, deflate, br, zstd","Accept-Language":"en-ID,en;q=0.9,id-ID;q=0.8,id;q=0.7,en-GB;q=0.6,en-US;q=0.5","Cookie":"PHPSESSID=tf4ebgih8l3dsu46eh86btbsq1"}
[2025-05-20 08:18:09] INFO: Request body: 
[2025-05-20 08:20:37] INFO: Application started
[2025-05-20 08:20:37] INFO: Request method: POST
[2025-05-20 08:20:37] INFO: Request URI: /auth/login
[2025-05-20 08:20:37] INFO: Request headers: {"Host":"localhost:8000","Connection":"keep-alive","Content-Length":"109","Cache-Control":"max-age=0","sec-ch-ua":"\"Chromium\";v=\"136\", \"Google Chrome\";v=\"136\", \"Not.A\/Brand\";v=\"99\"","sec-ch-ua-mobile":"?0","sec-ch-ua-platform":"\"Windows\"","Origin":"http:\/\/localhost:8000","DNT":"1","Upgrade-Insecure-Requests":"1","Content-Type":"application\/x-www-form-urlencoded","User-Agent":"Mozilla\/5.0 (Windows NT 10.0; Win64; x64) AppleWebKit\/537.36 (KHTML, like Gecko) Chrome\/136.0.0.0 Safari\/537.36","Accept":"text\/html,application\/xhtml+xml,application\/xml;q=0.9,image\/avif,image\/webp,image\/apng,*\/*;q=0.8,application\/signed-exchange;v=b3;q=0.7","Sec-Fetch-Site":"same-origin","Sec-Fetch-Mode":"navigate","Sec-Fetch-User":"?1","Sec-Fetch-Dest":"document","Referer":"http:\/\/localhost:8000\/auth\/login","Accept-Encoding":"gzip, deflate, br, zstd","Accept-Language":"en-ID,en;q=0.9,id-ID;q=0.8,id;q=0.7,en-GB;q=0.6,en-US;q=0.5","Cookie":"PHPSESSID=tf4ebgih8l3dsu46eh86btbsq1"}
[2025-05-20 08:20:37] INFO: Request body: _csrf_token=b4ad9bd940365da56d8e71bb7fda9b3d7217721e3cd44871dd31e4ab5d9c12ed&username=admin&password=password
[2025-05-20 08:20:37] INFO: Attempting to log in user.
[2025-05-20 08:20:37] INFO: Username: admin
[2025-05-20 08:20:37] INFO: Password: password
[2025-05-20 08:20:37] INFO: Creating AuthService instance.
[2025-05-20 08:20:37] INFO: Attempting to log in user with username: admin
[2025-05-20 08:20:37] INFO: Fetching user by username: admin
[2025-05-20 08:20:37] INFO: Application started
[2025-05-20 08:20:37] INFO: Request method: GET
[2025-05-20 08:20:37] INFO: Request URI: /auth/login
[2025-05-20 08:20:37] INFO: Request headers: {"Host":"localhost:8000","Connection":"keep-alive","Cache-Control":"max-age=0","DNT":"1","Upgrade-Insecure-Requests":"1","User-Agent":"Mozilla\/5.0 (Windows NT 10.0; Win64; x64) AppleWebKit\/537.36 (KHTML, like Gecko) Chrome\/136.0.0.0 Safari\/537.36","Accept":"text\/html,application\/xhtml+xml,application\/xml;q=0.9,image\/avif,image\/webp,image\/apng,*\/*;q=0.8,application\/signed-exchange;v=b3;q=0.7","Sec-Fetch-Site":"same-origin","Sec-Fetch-Mode":"navigate","Sec-Fetch-User":"?1","Sec-Fetch-Dest":"document","sec-ch-ua":"\"Chromium\";v=\"136\", \"Google Chrome\";v=\"136\", \"Not.A\/Brand\";v=\"99\"","sec-ch-ua-mobile":"?0","sec-ch-ua-platform":"\"Windows\"","Referer":"http:\/\/localhost:8000\/auth\/login","Accept-Encoding":"gzip, deflate, br, zstd","Accept-Language":"en-ID,en;q=0.9,id-ID;q=0.8,id;q=0.7,en-GB;q=0.6,en-US;q=0.5","Cookie":"PHPSESSID=tf4ebgih8l3dsu46eh86btbsq1"}
[2025-05-20 08:20:37] INFO: Request body: 
[2025-05-20 08:20:50] INFO: Application started
[2025-05-20 08:20:50] INFO: Request method: POST
[2025-05-20 08:20:50] INFO: Request URI: /auth/login
[2025-05-20 08:20:50] INFO: Request headers: {"Host":"localhost:8000","Connection":"keep-alive","Content-Length":"109","Cache-Control":"max-age=0","sec-ch-ua":"\"Chromium\";v=\"136\", \"Google Chrome\";v=\"136\", \"Not.A\/Brand\";v=\"99\"","sec-ch-ua-mobile":"?0","sec-ch-ua-platform":"\"Windows\"","Origin":"http:\/\/localhost:8000","DNT":"1","Upgrade-Insecure-Requests":"1","Content-Type":"application\/x-www-form-urlencoded","User-Agent":"Mozilla\/5.0 (Windows NT 10.0; Win64; x64) AppleWebKit\/537.36 (KHTML, like Gecko) Chrome\/136.0.0.0 Safari\/537.36","Accept":"text\/html,application\/xhtml+xml,application\/xml;q=0.9,image\/avif,image\/webp,image\/apng,*\/*;q=0.8,application\/signed-exchange;v=b3;q=0.7","Sec-Fetch-Site":"same-origin","Sec-Fetch-Mode":"navigate","Sec-Fetch-User":"?1","Sec-Fetch-Dest":"document","Referer":"http:\/\/localhost:8000\/auth\/login","Accept-Encoding":"gzip, deflate, br, zstd","Accept-Language":"en-ID,en;q=0.9,id-ID;q=0.8,id;q=0.7,en-GB;q=0.6,en-US;q=0.5","Cookie":"PHPSESSID=tf4ebgih8l3dsu46eh86btbsq1"}
[2025-05-20 08:20:50] INFO: Request body: _csrf_token=b4ad9bd940365da56d8e71bb7fda9b3d7217721e3cd44871dd31e4ab5d9c12ed&username=admin&password=admin123
[2025-05-20 08:20:50] INFO: Attempting to log in user.
[2025-05-20 08:20:50] INFO: Username: admin
[2025-05-20 08:20:50] INFO: Password: admin123
[2025-05-20 08:20:50] INFO: Creating AuthService instance.
[2025-05-20 08:20:50] INFO: Attempting to log in user with username: admin
[2025-05-20 08:20:50] INFO: Fetching user by username: admin
[2025-05-20 08:20:50] INFO: Application started
[2025-05-20 08:20:50] INFO: Request method: GET
[2025-05-20 08:20:50] INFO: Request URI: /auth/login
[2025-05-20 08:20:50] INFO: Request headers: {"Host":"localhost:8000","Connection":"keep-alive","Cache-Control":"max-age=0","DNT":"1","Upgrade-Insecure-Requests":"1","User-Agent":"Mozilla\/5.0 (Windows NT 10.0; Win64; x64) AppleWebKit\/537.36 (KHTML, like Gecko) Chrome\/136.0.0.0 Safari\/537.36","Accept":"text\/html,application\/xhtml+xml,application\/xml;q=0.9,image\/avif,image\/webp,image\/apng,*\/*;q=0.8,application\/signed-exchange;v=b3;q=0.7","Sec-Fetch-Site":"same-origin","Sec-Fetch-Mode":"navigate","Sec-Fetch-User":"?1","Sec-Fetch-Dest":"document","sec-ch-ua":"\"Chromium\";v=\"136\", \"Google Chrome\";v=\"136\", \"Not.A\/Brand\";v=\"99\"","sec-ch-ua-mobile":"?0","sec-ch-ua-platform":"\"Windows\"","Referer":"http:\/\/localhost:8000\/auth\/login","Accept-Encoding":"gzip, deflate, br, zstd","Accept-Language":"en-ID,en;q=0.9,id-ID;q=0.8,id;q=0.7,en-GB;q=0.6,en-US;q=0.5","Cookie":"PHPSESSID=tf4ebgih8l3dsu46eh86btbsq1"}
[2025-05-20 08:20:50] INFO: Request body: 
[2025-05-20 08:22:20] INFO: Application started
[2025-05-20 08:22:20] INFO: Request method: GET
[2025-05-20 08:22:20] INFO: Request URI: /auth/login
[2025-05-20 08:22:20] INFO: Request headers: {"Host":"localhost:8000","Connection":"keep-alive","Cache-Control":"max-age=0","sec-ch-ua":"\"Chromium\";v=\"136\", \"Google Chrome\";v=\"136\", \"Not.A\/Brand\";v=\"99\"","sec-ch-ua-mobile":"?0","sec-ch-ua-platform":"\"Windows\"","DNT":"1","Upgrade-Insecure-Requests":"1","User-Agent":"Mozilla\/5.0 (Windows NT 10.0; Win64; x64) AppleWebKit\/537.36 (KHTML, like Gecko) Chrome\/136.0.0.0 Safari\/537.36","Accept":"text\/html,application\/xhtml+xml,application\/xml;q=0.9,image\/avif,image\/webp,image\/apng,*\/*;q=0.8,application\/signed-exchange;v=b3;q=0.7","Sec-Fetch-Site":"same-origin","Sec-Fetch-Mode":"navigate","Sec-Fetch-User":"?1","Sec-Fetch-Dest":"document","Referer":"http:\/\/localhost:8000\/auth\/login","Accept-Encoding":"gzip, deflate, br, zstd","Accept-Language":"en-ID,en;q=0.9,id-ID;q=0.8,id;q=0.7,en-GB;q=0.6,en-US;q=0.5","Cookie":"PHPSESSID=tf4ebgih8l3dsu46eh86btbsq1"}
[2025-05-20 08:22:20] INFO: Request body: 
[2025-05-20 08:22:26] INFO: Application started
[2025-05-20 08:22:26] INFO: Request method: POST
[2025-05-20 08:22:26] INFO: Request URI: /auth/login
[2025-05-20 08:22:26] INFO: Request headers: {"Host":"localhost:8000","Connection":"keep-alive","Content-Length":"109","Cache-Control":"max-age=0","sec-ch-ua":"\"Chromium\";v=\"136\", \"Google Chrome\";v=\"136\", \"Not.A\/Brand\";v=\"99\"","sec-ch-ua-mobile":"?0","sec-ch-ua-platform":"\"Windows\"","Origin":"http:\/\/localhost:8000","DNT":"1","Upgrade-Insecure-Requests":"1","Content-Type":"application\/x-www-form-urlencoded","User-Agent":"Mozilla\/5.0 (Windows NT 10.0; Win64; x64) AppleWebKit\/537.36 (KHTML, like Gecko) Chrome\/136.0.0.0 Safari\/537.36","Accept":"text\/html,application\/xhtml+xml,application\/xml;q=0.9,image\/avif,image\/webp,image\/apng,*\/*;q=0.8,application\/signed-exchange;v=b3;q=0.7","Sec-Fetch-Site":"same-origin","Sec-Fetch-Mode":"navigate","Sec-Fetch-User":"?1","Sec-Fetch-Dest":"document","Referer":"http:\/\/localhost:8000\/auth\/login","Accept-Encoding":"gzip, deflate, br, zstd","Accept-Language":"en-ID,en;q=0.9,id-ID;q=0.8,id;q=0.7,en-GB;q=0.6,en-US;q=0.5","Cookie":"PHPSESSID=tf4ebgih8l3dsu46eh86btbsq1"}
[2025-05-20 08:22:26] INFO: Request body: _csrf_token=b4ad9bd940365da56d8e71bb7fda9b3d7217721e3cd44871dd31e4ab5d9c12ed&username=admin&password=admin123
[2025-05-20 08:22:26] INFO: Attempting to log in user.
[2025-05-20 08:22:26] INFO: Username: admin
[2025-05-20 08:22:26] INFO: Password: admin123
[2025-05-20 08:22:26] INFO: Creating AuthService instance.
[2025-05-20 08:22:26] INFO: Attempting to log in user with username: admin
[2025-05-20 08:22:26] INFO: Fetching user by username: admin
[2025-05-20 09:32:57] INFO: Application started
[2025-05-20 09:32:57] INFO: Request method: POST
[2025-05-20 09:32:57] INFO: Request URI: /auth/login
[2025-05-20 09:32:57] INFO: Request headers: {"Host":"localhost:8000","Connection":"keep-alive","Content-Length":"109","Cache-Control":"max-age=0","sec-ch-ua":"\"Chromium\";v=\"136\", \"Google Chrome\";v=\"136\", \"Not.A\/Brand\";v=\"99\"","sec-ch-ua-mobile":"?0","sec-ch-ua-platform":"\"Windows\"","DNT":"1","Upgrade-Insecure-Requests":"1","User-Agent":"Mozilla\/5.0 (Windows NT 10.0; Win64; x64) AppleWebKit\/537.36 (KHTML, like Gecko) Chrome\/136.0.0.0 Safari\/537.36","Origin":"http:\/\/localhost:8000","Content-Type":"application\/x-www-form-urlencoded","Accept":"text\/html,application\/xhtml+xml,application\/xml;q=0.9,image\/avif,image\/webp,image\/apng,*\/*;q=0.8,application\/signed-exchange;v=b3;q=0.7","Sec-Fetch-Site":"same-origin","Sec-Fetch-Mode":"navigate","Sec-Fetch-User":"?1","Sec-Fetch-Dest":"document","Referer":"http:\/\/localhost:8000\/auth\/login","Accept-Encoding":"gzip, deflate, br, zstd","Accept-Language":"en-ID,en;q=0.9,id-ID;q=0.8,id;q=0.7,en-GB;q=0.6,en-US;q=0.5","Cookie":"PHPSESSID=tf4ebgih8l3dsu46eh86btbsq1"}
[2025-05-20 09:32:57] INFO: Request body: _csrf_token=b4ad9bd940365da56d8e71bb7fda9b3d7217721e3cd44871dd31e4ab5d9c12ed&username=admin&password=admin123
[2025-05-20 09:32:57] INFO: Attempting to log in user.
[2025-05-20 09:32:57] INFO: Username: admin
[2025-05-20 09:32:57] INFO: Password: admin123
[2025-05-20 09:32:57] INFO: Creating AuthService instance.
[2025-05-20 09:32:57] INFO: Attempting to log in user with username: admin
[2025-05-20 09:32:57] INFO: Fetching user by username: admin
[2025-05-20 09:33:16] INFO: Application started
[2025-05-20 09:33:16] INFO: Request method: POST
[2025-05-20 09:33:16] INFO: Request URI: /auth/login
[2025-05-20 09:33:16] INFO: Request headers: {"Host":"localhost:8000","Connection":"keep-alive","Content-Length":"109","Cache-Control":"max-age=0","sec-ch-ua":"\"Chromium\";v=\"136\", \"Google Chrome\";v=\"136\", \"Not.A\/Brand\";v=\"99\"","sec-ch-ua-mobile":"?0","sec-ch-ua-platform":"\"Windows\"","DNT":"1","Upgrade-Insecure-Requests":"1","User-Agent":"Mozilla\/5.0 (Windows NT 10.0; Win64; x64) AppleWebKit\/537.36 (KHTML, like Gecko) Chrome\/136.0.0.0 Safari\/537.36","Origin":"http:\/\/localhost:8000","Content-Type":"application\/x-www-form-urlencoded","Accept":"text\/html,application\/xhtml+xml,application\/xml;q=0.9,image\/avif,image\/webp,image\/apng,*\/*;q=0.8,application\/signed-exchange;v=b3;q=0.7","Sec-Fetch-Site":"same-origin","Sec-Fetch-Mode":"navigate","Sec-Fetch-User":"?1","Sec-Fetch-Dest":"document","Referer":"http:\/\/localhost:8000\/auth\/login","Accept-Encoding":"gzip, deflate, br, zstd","Accept-Language":"en-ID,en;q=0.9,id-ID;q=0.8,id;q=0.7,en-GB;q=0.6,en-US;q=0.5","Cookie":"PHPSESSID=tf4ebgih8l3dsu46eh86btbsq1"}
[2025-05-20 09:33:16] INFO: Request body: _csrf_token=b4ad9bd940365da56d8e71bb7fda9b3d7217721e3cd44871dd31e4ab5d9c12ed&username=admin&password=admin123
[2025-05-20 09:33:16] INFO: Attempting to log in user.
[2025-05-20 09:33:16] INFO: Username: admin
[2025-05-20 09:33:16] INFO: Password: admin123
[2025-05-20 09:33:16] INFO: Creating AuthService instance.
[2025-05-20 09:33:16] INFO: Attempting to log in user with username: admin
[2025-05-20 09:33:16] INFO: Fetching user by username: admin
[2025-05-20 09:33:16] INFO: Application started
[2025-05-20 09:33:16] INFO: Request method: GET
[2025-05-20 09:33:16] INFO: Request URI: /auth/login
[2025-05-20 09:33:16] INFO: Request headers: {"Host":"localhost:8000","Connection":"keep-alive","Cache-Control":"max-age=0","DNT":"1","Upgrade-Insecure-Requests":"1","User-Agent":"Mozilla\/5.0 (Windows NT 10.0; Win64; x64) AppleWebKit\/537.36 (KHTML, like Gecko) Chrome\/136.0.0.0 Safari\/537.36","Accept":"text\/html,application\/xhtml+xml,application\/xml;q=0.9,image\/avif,image\/webp,image\/apng,*\/*;q=0.8,application\/signed-exchange;v=b3;q=0.7","Sec-Fetch-Site":"same-origin","Sec-Fetch-Mode":"navigate","Sec-Fetch-User":"?1","Sec-Fetch-Dest":"document","sec-ch-ua":"\"Chromium\";v=\"136\", \"Google Chrome\";v=\"136\", \"Not.A\/Brand\";v=\"99\"","sec-ch-ua-mobile":"?0","sec-ch-ua-platform":"\"Windows\"","Referer":"http:\/\/localhost:8000\/auth\/login","Accept-Encoding":"gzip, deflate, br, zstd","Accept-Language":"en-ID,en;q=0.9,id-ID;q=0.8,id;q=0.7,en-GB;q=0.6,en-US;q=0.5","Cookie":"PHPSESSID=tf4ebgih8l3dsu46eh86btbsq1"}
[2025-05-20 09:33:16] INFO: Request body: 
[2025-05-20 09:33:39] INFO: Application started
[2025-05-20 09:33:39] INFO: Request method: POST
[2025-05-20 09:33:39] INFO: Request URI: /auth/login
[2025-05-20 09:33:39] INFO: Request headers: {"Host":"localhost:8000","Connection":"keep-alive","Content-Length":"109","Cache-Control":"max-age=0","sec-ch-ua":"\"Chromium\";v=\"136\", \"Google Chrome\";v=\"136\", \"Not.A\/Brand\";v=\"99\"","sec-ch-ua-mobile":"?0","sec-ch-ua-platform":"\"Windows\"","Origin":"http:\/\/localhost:8000","DNT":"1","Upgrade-Insecure-Requests":"1","Content-Type":"application\/x-www-form-urlencoded","User-Agent":"Mozilla\/5.0 (Windows NT 10.0; Win64; x64) AppleWebKit\/537.36 (KHTML, like Gecko) Chrome\/136.0.0.0 Safari\/537.36","Accept":"text\/html,application\/xhtml+xml,application\/xml;q=0.9,image\/avif,image\/webp,image\/apng,*\/*;q=0.8,application\/signed-exchange;v=b3;q=0.7","Sec-Fetch-Site":"same-origin","Sec-Fetch-Mode":"navigate","Sec-Fetch-User":"?1","Sec-Fetch-Dest":"document","Referer":"http:\/\/localhost:8000\/auth\/login","Accept-Encoding":"gzip, deflate, br, zstd","Accept-Language":"en-ID,en;q=0.9,id-ID;q=0.8,id;q=0.7,en-GB;q=0.6,en-US;q=0.5","Cookie":"PHPSESSID=tf4ebgih8l3dsu46eh86btbsq1"}
[2025-05-20 09:33:39] INFO: Request body: _csrf_token=b4ad9bd940365da56d8e71bb7fda9b3d7217721e3cd44871dd31e4ab5d9c12ed&username=admin&password=admin123
[2025-05-20 09:33:39] INFO: Attempting to log in user.
[2025-05-20 09:33:39] INFO: Username: admin
[2025-05-20 09:33:39] INFO: Password: admin123
[2025-05-20 09:33:39] INFO: Creating AuthService instance.
[2025-05-20 09:33:39] INFO: Attempting to log in user with username: admin
[2025-05-20 09:33:39] INFO: Fetching user by username: admin
[2025-05-20 09:34:14] INFO: Application started
[2025-05-20 09:34:14] INFO: Request method: POST
[2025-05-20 09:34:14] INFO: Request URI: /auth/login
[2025-05-20 09:34:14] INFO: Request headers: {"Host":"localhost:8000","Connection":"keep-alive","Content-Length":"109","Cache-Control":"max-age=0","sec-ch-ua":"\"Chromium\";v=\"136\", \"Google Chrome\";v=\"136\", \"Not.A\/Brand\";v=\"99\"","sec-ch-ua-mobile":"?0","sec-ch-ua-platform":"\"Windows\"","DNT":"1","Upgrade-Insecure-Requests":"1","User-Agent":"Mozilla\/5.0 (Windows NT 10.0; Win64; x64) AppleWebKit\/537.36 (KHTML, like Gecko) Chrome\/136.0.0.0 Safari\/537.36","Origin":"http:\/\/localhost:8000","Content-Type":"application\/x-www-form-urlencoded","Accept":"text\/html,application\/xhtml+xml,application\/xml;q=0.9,image\/avif,image\/webp,image\/apng,*\/*;q=0.8,application\/signed-exchange;v=b3;q=0.7","Sec-Fetch-Site":"same-origin","Sec-Fetch-Mode":"navigate","Sec-Fetch-User":"?1","Sec-Fetch-Dest":"document","Referer":"http:\/\/localhost:8000\/auth\/login","Accept-Encoding":"gzip, deflate, br, zstd","Accept-Language":"en-ID,en;q=0.9,id-ID;q=0.8,id;q=0.7,en-GB;q=0.6,en-US;q=0.5","Cookie":"PHPSESSID=tf4ebgih8l3dsu46eh86btbsq1"}
[2025-05-20 09:34:14] INFO: Request body: _csrf_token=b4ad9bd940365da56d8e71bb7fda9b3d7217721e3cd44871dd31e4ab5d9c12ed&username=admin&password=admin123
[2025-05-20 09:34:14] INFO: Attempting to log in user.
[2025-05-20 09:34:14] INFO: Username: admin
[2025-05-20 09:34:14] INFO: Password: admin123
[2025-05-20 09:34:14] INFO: Creating AuthService instance.
[2025-05-20 09:34:14] INFO: Attempting to log in user with username: admin
[2025-05-20 09:34:14] INFO: Fetching user by username: admin
[2025-05-20 09:35:02] INFO: Application started
[2025-05-20 09:35:02] INFO: Request method: GET
[2025-05-20 09:35:02] INFO: Request URI: /auth/login
[2025-05-20 09:35:02] INFO: Request headers: {"Host":"localhost:8000","Connection":"keep-alive","sec-ch-ua":"\"Chromium\";v=\"136\", \"Google Chrome\";v=\"136\", \"Not.A\/Brand\";v=\"99\"","sec-ch-ua-mobile":"?0","sec-ch-ua-platform":"\"Windows\"","DNT":"1","Upgrade-Insecure-Requests":"1","User-Agent":"Mozilla\/5.0 (Windows NT 10.0; Win64; x64) AppleWebKit\/537.36 (KHTML, like Gecko) Chrome\/136.0.0.0 Safari\/537.36","Accept":"text\/html,application\/xhtml+xml,application\/xml;q=0.9,image\/avif,image\/webp,image\/apng,*\/*;q=0.8,application\/signed-exchange;v=b3;q=0.7","Sec-Fetch-Site":"same-origin","Sec-Fetch-Mode":"navigate","Sec-Fetch-User":"?1","Sec-Fetch-Dest":"document","Referer":"http:\/\/localhost:8000\/auth\/login","Accept-Encoding":"gzip, deflate, br, zstd","Accept-Language":"en-ID,en;q=0.9,id-ID;q=0.8,id;q=0.7,en-GB;q=0.6,en-US;q=0.5","Cookie":"PHPSESSID=tf4ebgih8l3dsu46eh86btbsq1"}
[2025-05-20 09:35:02] INFO: Request body: 
[2025-05-20 09:35:04] INFO: Application started
[2025-05-20 09:35:04] INFO: Request method: GET
[2025-05-20 09:35:04] INFO: Request URI: /auth/login
[2025-05-20 09:35:04] INFO: Request headers: {"Host":"localhost:8000","Connection":"keep-alive","Cache-Control":"max-age=0","sec-ch-ua":"\"Chromium\";v=\"136\", \"Google Chrome\";v=\"136\", \"Not.A\/Brand\";v=\"99\"","sec-ch-ua-mobile":"?0","sec-ch-ua-platform":"\"Windows\"","DNT":"1","Upgrade-Insecure-Requests":"1","User-Agent":"Mozilla\/5.0 (Windows NT 10.0; Win64; x64) AppleWebKit\/537.36 (KHTML, like Gecko) Chrome\/136.0.0.0 Safari\/537.36","Accept":"text\/html,application\/xhtml+xml,application\/xml;q=0.9,image\/avif,image\/webp,image\/apng,*\/*;q=0.8,application\/signed-exchange;v=b3;q=0.7","Sec-Fetch-Site":"same-origin","Sec-Fetch-Mode":"navigate","Sec-Fetch-User":"?1","Sec-Fetch-Dest":"document","Referer":"http:\/\/localhost:8000\/auth\/login","Accept-Encoding":"gzip, deflate, br, zstd","Accept-Language":"en-ID,en;q=0.9,id-ID;q=0.8,id;q=0.7,en-GB;q=0.6,en-US;q=0.5","Cookie":"PHPSESSID=tf4ebgih8l3dsu46eh86btbsq1"}
[2025-05-20 09:35:04] INFO: Request body: 
[2025-05-20 09:35:08] INFO: Application started
[2025-05-20 09:35:08] INFO: Request method: POST
[2025-05-20 09:35:08] INFO: Request URI: /auth/login
[2025-05-20 09:35:08] INFO: Request headers: {"Host":"localhost:8000","Connection":"keep-alive","Content-Length":"109","Cache-Control":"max-age=0","sec-ch-ua":"\"Chromium\";v=\"136\", \"Google Chrome\";v=\"136\", \"Not.A\/Brand\";v=\"99\"","sec-ch-ua-mobile":"?0","sec-ch-ua-platform":"\"Windows\"","Origin":"http:\/\/localhost:8000","DNT":"1","Upgrade-Insecure-Requests":"1","Content-Type":"application\/x-www-form-urlencoded","User-Agent":"Mozilla\/5.0 (Windows NT 10.0; Win64; x64) AppleWebKit\/537.36 (KHTML, like Gecko) Chrome\/136.0.0.0 Safari\/537.36","Accept":"text\/html,application\/xhtml+xml,application\/xml;q=0.9,image\/avif,image\/webp,image\/apng,*\/*;q=0.8,application\/signed-exchange;v=b3;q=0.7","Sec-Fetch-Site":"same-origin","Sec-Fetch-Mode":"navigate","Sec-Fetch-User":"?1","Sec-Fetch-Dest":"document","Referer":"http:\/\/localhost:8000\/auth\/login","Accept-Encoding":"gzip, deflate, br, zstd","Accept-Language":"en-ID,en;q=0.9,id-ID;q=0.8,id;q=0.7,en-GB;q=0.6,en-US;q=0.5","Cookie":"PHPSESSID=tf4ebgih8l3dsu46eh86btbsq1"}
[2025-05-20 09:35:08] INFO: Request body: _csrf_token=b4ad9bd940365da56d8e71bb7fda9b3d7217721e3cd44871dd31e4ab5d9c12ed&username=admin&password=password
[2025-05-20 09:35:08] INFO: Attempting to log in user.
[2025-05-20 09:35:08] INFO: Username: admin
[2025-05-20 09:35:08] INFO: Password: password
[2025-05-20 09:35:08] INFO: Creating AuthService instance.
[2025-05-20 09:35:08] INFO: Attempting to log in user with username: admin
[2025-05-20 09:35:08] INFO: Fetching user by username: admin
[2025-05-20 09:35:12] INFO: Application started
[2025-05-20 09:35:12] INFO: Request method: GET
[2025-05-20 09:35:12] INFO: Request URI: /auth/login
[2025-05-20 09:35:12] INFO: Request headers: {"Host":"localhost:8000","Connection":"keep-alive","sec-ch-ua":"\"Chromium\";v=\"136\", \"Google Chrome\";v=\"136\", \"Not.A\/Brand\";v=\"99\"","sec-ch-ua-mobile":"?0","sec-ch-ua-platform":"\"Windows\"","DNT":"1","Upgrade-Insecure-Requests":"1","User-Agent":"Mozilla\/5.0 (Windows NT 10.0; Win64; x64) AppleWebKit\/537.36 (KHTML, like Gecko) Chrome\/136.0.0.0 Safari\/537.36","Accept":"text\/html,application\/xhtml+xml,application\/xml;q=0.9,image\/avif,image\/webp,image\/apng,*\/*;q=0.8,application\/signed-exchange;v=b3;q=0.7","Sec-Fetch-Site":"same-origin","Sec-Fetch-Mode":"navigate","Sec-Fetch-User":"?1","Sec-Fetch-Dest":"document","Referer":"http:\/\/localhost:8000\/auth\/login","Accept-Encoding":"gzip, deflate, br, zstd","Accept-Language":"en-ID,en;q=0.9,id-ID;q=0.8,id;q=0.7,en-GB;q=0.6,en-US;q=0.5","Cookie":"PHPSESSID=tf4ebgih8l3dsu46eh86btbsq1"}
[2025-05-20 09:35:12] INFO: Request body: 
[2025-05-20 09:35:13] INFO: Application started
[2025-05-20 09:35:13] INFO: Request method: GET
[2025-05-20 09:35:13] INFO: Request URI: /auth/login
[2025-05-20 09:35:13] INFO: Request headers: {"Host":"localhost:8000","Connection":"keep-alive","Cache-Control":"max-age=0","sec-ch-ua":"\"Chromium\";v=\"136\", \"Google Chrome\";v=\"136\", \"Not.A\/Brand\";v=\"99\"","sec-ch-ua-mobile":"?0","sec-ch-ua-platform":"\"Windows\"","DNT":"1","Upgrade-Insecure-Requests":"1","User-Agent":"Mozilla\/5.0 (Windows NT 10.0; Win64; x64) AppleWebKit\/537.36 (KHTML, like Gecko) Chrome\/136.0.0.0 Safari\/537.36","Accept":"text\/html,application\/xhtml+xml,application\/xml;q=0.9,image\/avif,image\/webp,image\/apng,*\/*;q=0.8,application\/signed-exchange;v=b3;q=0.7","Sec-Fetch-Site":"same-origin","Sec-Fetch-Mode":"navigate","Sec-Fetch-User":"?1","Sec-Fetch-Dest":"document","Referer":"http:\/\/localhost:8000\/auth\/login","Accept-Encoding":"gzip, deflate, br, zstd","Accept-Language":"en-ID,en;q=0.9,id-ID;q=0.8,id;q=0.7,en-GB;q=0.6,en-US;q=0.5","Cookie":"PHPSESSID=tf4ebgih8l3dsu46eh86btbsq1"}
[2025-05-20 09:35:13] INFO: Request body: 
[2025-05-20 09:35:18] INFO: Application started
[2025-05-20 09:35:18] INFO: Request method: POST
[2025-05-20 09:35:18] INFO: Request URI: /auth/login
[2025-05-20 09:35:18] INFO: Request headers: {"Host":"localhost:8000","Connection":"keep-alive","Content-Length":"112","Cache-Control":"max-age=0","sec-ch-ua":"\"Chromium\";v=\"136\", \"Google Chrome\";v=\"136\", \"Not.A\/Brand\";v=\"99\"","sec-ch-ua-mobile":"?0","sec-ch-ua-platform":"\"Windows\"","Origin":"http:\/\/localhost:8000","DNT":"1","Upgrade-Insecure-Requests":"1","Content-Type":"application\/x-www-form-urlencoded","User-Agent":"Mozilla\/5.0 (Windows NT 10.0; Win64; x64) AppleWebKit\/537.36 (KHTML, like Gecko) Chrome\/136.0.0.0 Safari\/537.36","Accept":"text\/html,application\/xhtml+xml,application\/xml;q=0.9,image\/avif,image\/webp,image\/apng,*\/*;q=0.8,application\/signed-exchange;v=b3;q=0.7","Sec-Fetch-Site":"same-origin","Sec-Fetch-Mode":"navigate","Sec-Fetch-User":"?1","Sec-Fetch-Dest":"document","Referer":"http:\/\/localhost:8000\/auth\/login","Accept-Encoding":"gzip, deflate, br, zstd","Accept-Language":"en-ID,en;q=0.9,id-ID;q=0.8,id;q=0.7,en-GB;q=0.6,en-US;q=0.5","Cookie":"PHPSESSID=tf4ebgih8l3dsu46eh86btbsq1"}
[2025-05-20 09:35:18] INFO: Request body: _csrf_token=b4ad9bd940365da56d8e71bb7fda9b3d7217721e3cd44871dd31e4ab5d9c12ed&username=admin&password=password123
[2025-05-20 09:35:18] INFO: Attempting to log in user.
[2025-05-20 09:35:18] INFO: Username: admin
[2025-05-20 09:35:18] INFO: Password: password123
[2025-05-20 09:35:18] INFO: Creating AuthService instance.
[2025-05-20 09:35:18] INFO: Attempting to log in user with username: admin
[2025-05-20 09:35:18] INFO: Fetching user by username: admin
[2025-05-20 09:35:33] INFO: Application started
[2025-05-20 09:35:33] INFO: Request method: POST
[2025-05-20 09:35:33] INFO: Request URI: /auth/login
[2025-05-20 09:35:33] INFO: Request headers: {"Host":"localhost:8000","Connection":"keep-alive","Content-Length":"112","Cache-Control":"max-age=0","sec-ch-ua":"\"Chromium\";v=\"136\", \"Google Chrome\";v=\"136\", \"Not.A\/Brand\";v=\"99\"","sec-ch-ua-mobile":"?0","sec-ch-ua-platform":"\"Windows\"","DNT":"1","Upgrade-Insecure-Requests":"1","User-Agent":"Mozilla\/5.0 (Windows NT 10.0; Win64; x64) AppleWebKit\/537.36 (KHTML, like Gecko) Chrome\/136.0.0.0 Safari\/537.36","Origin":"http:\/\/localhost:8000","Content-Type":"application\/x-www-form-urlencoded","Accept":"text\/html,application\/xhtml+xml,application\/xml;q=0.9,image\/avif,image\/webp,image\/apng,*\/*;q=0.8,application\/signed-exchange;v=b3;q=0.7","Sec-Fetch-Site":"same-origin","Sec-Fetch-Mode":"navigate","Sec-Fetch-User":"?1","Sec-Fetch-Dest":"document","Referer":"http:\/\/localhost:8000\/auth\/login","Accept-Encoding":"gzip, deflate, br, zstd","Accept-Language":"en-ID,en;q=0.9,id-ID;q=0.8,id;q=0.7,en-GB;q=0.6,en-US;q=0.5","Cookie":"PHPSESSID=tf4ebgih8l3dsu46eh86btbsq1"}
[2025-05-20 09:35:33] INFO: Request body: _csrf_token=b4ad9bd940365da56d8e71bb7fda9b3d7217721e3cd44871dd31e4ab5d9c12ed&username=admin&password=password123
[2025-05-20 09:35:33] INFO: Attempting to log in user.
[2025-05-20 09:35:33] INFO: Username: admin
[2025-05-20 09:35:33] INFO: Password: password123
[2025-05-20 09:35:33] INFO: Creating AuthService instance.
[2025-05-20 09:35:33] INFO: Attempting to log in user with username: admin
[2025-05-20 09:35:33] INFO: Fetching user by username: admin
[2025-05-20 09:35:34] INFO: Application started
[2025-05-20 09:35:34] INFO: Request method: GET
[2025-05-20 09:35:34] INFO: Request URI: /auth/login
[2025-05-20 09:35:34] INFO: Request headers: {"Host":"localhost:8000","Connection":"keep-alive","Cache-Control":"max-age=0","DNT":"1","Upgrade-Insecure-Requests":"1","User-Agent":"Mozilla\/5.0 (Windows NT 10.0; Win64; x64) AppleWebKit\/537.36 (KHTML, like Gecko) Chrome\/136.0.0.0 Safari\/537.36","Accept":"text\/html,application\/xhtml+xml,application\/xml;q=0.9,image\/avif,image\/webp,image\/apng,*\/*;q=0.8,application\/signed-exchange;v=b3;q=0.7","Sec-Fetch-Site":"same-origin","Sec-Fetch-Mode":"navigate","Sec-Fetch-User":"?1","Sec-Fetch-Dest":"document","sec-ch-ua":"\"Chromium\";v=\"136\", \"Google Chrome\";v=\"136\", \"Not.A\/Brand\";v=\"99\"","sec-ch-ua-mobile":"?0","sec-ch-ua-platform":"\"Windows\"","Referer":"http:\/\/localhost:8000\/auth\/login","Accept-Encoding":"gzip, deflate, br, zstd","Accept-Language":"en-ID,en;q=0.9,id-ID;q=0.8,id;q=0.7,en-GB;q=0.6,en-US;q=0.5","Cookie":"PHPSESSID=tf4ebgih8l3dsu46eh86btbsq1"}
[2025-05-20 09:35:34] INFO: Request body: 
[2025-05-20 09:35:36] INFO: Application started
[2025-05-20 09:35:36] INFO: Request method: GET
[2025-05-20 09:35:36] INFO: Request URI: /auth/login
[2025-05-20 09:35:36] INFO: Request headers: {"Host":"localhost:8000","Connection":"keep-alive","Cache-Control":"max-age=0","sec-ch-ua":"\"Chromium\";v=\"136\", \"Google Chrome\";v=\"136\", \"Not.A\/Brand\";v=\"99\"","sec-ch-ua-mobile":"?0","sec-ch-ua-platform":"\"Windows\"","DNT":"1","Upgrade-Insecure-Requests":"1","User-Agent":"Mozilla\/5.0 (Windows NT 10.0; Win64; x64) AppleWebKit\/537.36 (KHTML, like Gecko) Chrome\/136.0.0.0 Safari\/537.36","Accept":"text\/html,application\/xhtml+xml,application\/xml;q=0.9,image\/avif,image\/webp,image\/apng,*\/*;q=0.8,application\/signed-exchange;v=b3;q=0.7","Sec-Fetch-Site":"same-origin","Sec-Fetch-Mode":"navigate","Sec-Fetch-User":"?1","Sec-Fetch-Dest":"document","Referer":"http:\/\/localhost:8000\/auth\/login","Accept-Encoding":"gzip, deflate, br, zstd","Accept-Language":"en-ID,en;q=0.9,id-ID;q=0.8,id;q=0.7,en-GB;q=0.6,en-US;q=0.5","Cookie":"PHPSESSID=tf4ebgih8l3dsu46eh86btbsq1"}
[2025-05-20 09:35:36] INFO: Request body: 
[2025-05-20 09:35:40] INFO: Application started
[2025-05-20 09:35:40] INFO: Request method: POST
[2025-05-20 09:35:40] INFO: Request URI: /auth/login
[2025-05-20 09:35:40] INFO: Request headers: {"Host":"localhost:8000","Connection":"keep-alive","Content-Length":"109","Cache-Control":"max-age=0","sec-ch-ua":"\"Chromium\";v=\"136\", \"Google Chrome\";v=\"136\", \"Not.A\/Brand\";v=\"99\"","sec-ch-ua-mobile":"?0","sec-ch-ua-platform":"\"Windows\"","Origin":"http:\/\/localhost:8000","DNT":"1","Upgrade-Insecure-Requests":"1","Content-Type":"application\/x-www-form-urlencoded","User-Agent":"Mozilla\/5.0 (Windows NT 10.0; Win64; x64) AppleWebKit\/537.36 (KHTML, like Gecko) Chrome\/136.0.0.0 Safari\/537.36","Accept":"text\/html,application\/xhtml+xml,application\/xml;q=0.9,image\/avif,image\/webp,image\/apng,*\/*;q=0.8,application\/signed-exchange;v=b3;q=0.7","Sec-Fetch-Site":"same-origin","Sec-Fetch-Mode":"navigate","Sec-Fetch-User":"?1","Sec-Fetch-Dest":"document","Referer":"http:\/\/localhost:8000\/auth\/login","Accept-Encoding":"gzip, deflate, br, zstd","Accept-Language":"en-ID,en;q=0.9,id-ID;q=0.8,id;q=0.7,en-GB;q=0.6,en-US;q=0.5","Cookie":"PHPSESSID=tf4ebgih8l3dsu46eh86btbsq1"}
[2025-05-20 09:35:40] INFO: Request body: _csrf_token=b4ad9bd940365da56d8e71bb7fda9b3d7217721e3cd44871dd31e4ab5d9c12ed&username=admin&password=password
[2025-05-20 09:35:40] INFO: Attempting to log in user.
[2025-05-20 09:35:40] INFO: Username: admin
[2025-05-20 09:35:40] INFO: Password: password
[2025-05-20 09:35:40] INFO: Creating AuthService instance.
[2025-05-20 09:35:40] INFO: Attempting to log in user with username: admin
[2025-05-20 09:35:40] INFO: Fetching user by username: admin
[2025-05-20 09:35:40] INFO: Fetching permissions for role ID: 1
[2025-05-20 09:35:40] INFO: User authenticated successfully.
[2025-05-20 09:35:40] INFO: User session set: {"id":1,"username":"admin","role":"admin","permissions":["approve","create","delete","export","import","reject","submit","update","view"]}
[2025-05-20 09:35:40] INFO: Application started
[2025-05-20 09:35:40] INFO: Request method: GET
[2025-05-20 09:35:40] INFO: Request URI: /dashboard
[2025-05-20 09:35:40] INFO: Request headers: {"Host":"localhost:8000","Connection":"keep-alive","Cache-Control":"max-age=0","DNT":"1","Upgrade-Insecure-Requests":"1","User-Agent":"Mozilla\/5.0 (Windows NT 10.0; Win64; x64) AppleWebKit\/537.36 (KHTML, like Gecko) Chrome\/136.0.0.0 Safari\/537.36","Accept":"text\/html,application\/xhtml+xml,application\/xml;q=0.9,image\/avif,image\/webp,image\/apng,*\/*;q=0.8,application\/signed-exchange;v=b3;q=0.7","Sec-Fetch-Site":"same-origin","Sec-Fetch-Mode":"navigate","Sec-Fetch-User":"?1","Sec-Fetch-Dest":"document","sec-ch-ua":"\"Chromium\";v=\"136\", \"Google Chrome\";v=\"136\", \"Not.A\/Brand\";v=\"99\"","sec-ch-ua-mobile":"?0","sec-ch-ua-platform":"\"Windows\"","Referer":"http:\/\/localhost:8000\/auth\/login","Accept-Encoding":"gzip, deflate, br, zstd","Accept-Language":"en-ID,en;q=0.9,id-ID;q=0.8,id;q=0.7,en-GB;q=0.6,en-US;q=0.5","Cookie":"PHPSESSID=fdtoo8bb23pr0up3bhulm8kgbc"}
[2025-05-20 09:35:40] INFO: Request body: 
[2025-05-20 09:41:27] INFO: Application started
[2025-05-20 09:41:27] INFO: Request method: GET
[2025-05-20 09:41:27] INFO: Request URI: /dashboard
[2025-05-20 09:41:27] INFO: Request headers: {"Host":"localhost:8000","Connection":"keep-alive","sec-ch-ua":"\"Chromium\";v=\"136\", \"Google Chrome\";v=\"136\", \"Not.A\/Brand\";v=\"99\"","sec-ch-ua-mobile":"?0","sec-ch-ua-platform":"\"Windows\"","DNT":"1","Upgrade-Insecure-Requests":"1","User-Agent":"Mozilla\/5.0 (Windows NT 10.0; Win64; x64) AppleWebKit\/537.36 (KHTML, like Gecko) Chrome\/136.0.0.0 Safari\/537.36","Accept":"text\/html,application\/xhtml+xml,application\/xml;q=0.9,image\/avif,image\/webp,image\/apng,*\/*;q=0.8,application\/signed-exchange;v=b3;q=0.7","Sec-Fetch-Site":"none","Sec-Fetch-Mode":"navigate","Sec-Fetch-User":"?1","Sec-Fetch-Dest":"document","Accept-Encoding":"gzip, deflate, br, zstd","Accept-Language":"en-ID,en;q=0.9,id-ID;q=0.8,id;q=0.7,en-GB;q=0.6,en-US;q=0.5","Cookie":"PHPSESSID=fdtoo8bb23pr0up3bhulm8kgbc"}
[2025-05-20 09:41:27] INFO: Request body: 
[2025-05-20 09:43:41] INFO: Application started
[2025-05-20 09:43:41] INFO: Request method: GET
[2025-05-20 09:43:41] INFO: Request URI: /dashboard
[2025-05-20 09:43:41] INFO: Request headers: {"Host":"localhost:8000","Connection":"keep-alive","Cache-Control":"max-age=0","sec-ch-ua":"\"Chromium\";v=\"136\", \"Google Chrome\";v=\"136\", \"Not.A\/Brand\";v=\"99\"","sec-ch-ua-mobile":"?0","sec-ch-ua-platform":"\"Windows\"","DNT":"1","Upgrade-Insecure-Requests":"1","User-Agent":"Mozilla\/5.0 (Windows NT 10.0; Win64; x64) AppleWebKit\/537.36 (KHTML, like Gecko) Chrome\/136.0.0.0 Safari\/537.36","Accept":"text\/html,application\/xhtml+xml,application\/xml;q=0.9,image\/avif,image\/webp,image\/apng,*\/*;q=0.8,application\/signed-exchange;v=b3;q=0.7","Sec-Fetch-Site":"none","Sec-Fetch-Mode":"navigate","Sec-Fetch-User":"?1","Sec-Fetch-Dest":"document","Accept-Encoding":"gzip, deflate, br, zstd","Accept-Language":"en-ID,en;q=0.9,id-ID;q=0.8,id;q=0.7,en-GB;q=0.6,en-US;q=0.5","Cookie":"PHPSESSID=fdtoo8bb23pr0up3bhulm8kgbc"}
[2025-05-20 09:43:41] INFO: Request body: 
[2025-05-20 09:43:45] INFO: Application started
[2025-05-20 09:43:45] INFO: Request method: POST
[2025-05-20 09:43:45] INFO: Request URI: /auth/logout
[2025-05-20 09:43:45] INFO: Request headers: {"Host":"localhost:8000","Connection":"keep-alive","Content-Length":"76","Cache-Control":"max-age=0","sec-ch-ua":"\"Chromium\";v=\"136\", \"Google Chrome\";v=\"136\", \"Not.A\/Brand\";v=\"99\"","sec-ch-ua-mobile":"?0","sec-ch-ua-platform":"\"Windows\"","Origin":"http:\/\/localhost:8000","DNT":"1","Upgrade-Insecure-Requests":"1","Content-Type":"application\/x-www-form-urlencoded","User-Agent":"Mozilla\/5.0 (Windows NT 10.0; Win64; x64) AppleWebKit\/537.36 (KHTML, like Gecko) Chrome\/136.0.0.0 Safari\/537.36","Accept":"text\/html,application\/xhtml+xml,application\/xml;q=0.9,image\/avif,image\/webp,image\/apng,*\/*;q=0.8,application\/signed-exchange;v=b3;q=0.7","Sec-Fetch-Site":"same-origin","Sec-Fetch-Mode":"navigate","Sec-Fetch-User":"?1","Sec-Fetch-Dest":"document","Referer":"http:\/\/localhost:8000\/dashboard","Accept-Encoding":"gzip, deflate, br, zstd","Accept-Language":"en-ID,en;q=0.9,id-ID;q=0.8,id;q=0.7,en-GB;q=0.6,en-US;q=0.5","Cookie":"PHPSESSID=fdtoo8bb23pr0up3bhulm8kgbc"}
[2025-05-20 09:43:45] INFO: Request body: _csrf_token=b4ad9bd940365da56d8e71bb7fda9b3d7217721e3cd44871dd31e4ab5d9c12ed
[2025-05-20 09:43:45] INFO: Application started
[2025-05-20 09:43:45] INFO: Request method: GET
[2025-05-20 09:43:45] INFO: Request URI: /auth/login
[2025-05-20 09:43:45] INFO: Request headers: {"Host":"localhost:8000","Connection":"keep-alive","Cache-Control":"max-age=0","DNT":"1","Upgrade-Insecure-Requests":"1","User-Agent":"Mozilla\/5.0 (Windows NT 10.0; Win64; x64) AppleWebKit\/537.36 (KHTML, like Gecko) Chrome\/136.0.0.0 Safari\/537.36","Accept":"text\/html,application\/xhtml+xml,application\/xml;q=0.9,image\/avif,image\/webp,image\/apng,*\/*;q=0.8,application\/signed-exchange;v=b3;q=0.7","Sec-Fetch-Site":"same-origin","Sec-Fetch-Mode":"navigate","Sec-Fetch-User":"?1","Sec-Fetch-Dest":"document","sec-ch-ua":"\"Chromium\";v=\"136\", \"Google Chrome\";v=\"136\", \"Not.A\/Brand\";v=\"99\"","sec-ch-ua-mobile":"?0","sec-ch-ua-platform":"\"Windows\"","Referer":"http:\/\/localhost:8000\/dashboard","Accept-Encoding":"gzip, deflate, br, zstd","Accept-Language":"en-ID,en;q=0.9,id-ID;q=0.8,id;q=0.7,en-GB;q=0.6,en-US;q=0.5","Cookie":"PHPSESSID=fdtoo8bb23pr0up3bhulm8kgbc"}
[2025-05-20 09:43:45] INFO: Request body: 
[2025-05-20 09:43:48] INFO: Application started
[2025-05-20 09:43:48] INFO: Request method: GET
[2025-05-20 09:43:48] INFO: Request URI: /dashboard
[2025-05-20 09:43:48] INFO: Request headers: {"Host":"localhost:8000","Connection":"keep-alive","sec-ch-ua":"\"Chromium\";v=\"136\", \"Google Chrome\";v=\"136\", \"Not.A\/Brand\";v=\"99\"","sec-ch-ua-mobile":"?0","sec-ch-ua-platform":"\"Windows\"","DNT":"1","Upgrade-Insecure-Requests":"1","User-Agent":"Mozilla\/5.0 (Windows NT 10.0; Win64; x64) AppleWebKit\/537.36 (KHTML, like Gecko) Chrome\/136.0.0.0 Safari\/537.36","Accept":"text\/html,application\/xhtml+xml,application\/xml;q=0.9,image\/avif,image\/webp,image\/apng,*\/*;q=0.8,application\/signed-exchange;v=b3;q=0.7","Sec-Fetch-Site":"none","Sec-Fetch-Mode":"navigate","Sec-Fetch-User":"?1","Sec-Fetch-Dest":"document","Accept-Encoding":"gzip, deflate, br, zstd","Accept-Language":"en-ID,en;q=0.9,id-ID;q=0.8,id;q=0.7,en-GB;q=0.6,en-US;q=0.5","Cookie":"PHPSESSID=fdtoo8bb23pr0up3bhulm8kgbc"}
[2025-05-20 09:43:48] INFO: Request body: 
[2025-05-20 09:43:48] INFO: Application started
[2025-05-20 09:43:48] INFO: Request method: GET
[2025-05-20 09:43:48] INFO: Request URI: /auth/login
[2025-05-20 09:43:48] INFO: Request headers: {"Host":"localhost:8000","Connection":"keep-alive","DNT":"1","Upgrade-Insecure-Requests":"1","User-Agent":"Mozilla\/5.0 (Windows NT 10.0; Win64; x64) AppleWebKit\/537.36 (KHTML, like Gecko) Chrome\/136.0.0.0 Safari\/537.36","Accept":"text\/html,application\/xhtml+xml,application\/xml;q=0.9,image\/avif,image\/webp,image\/apng,*\/*;q=0.8,application\/signed-exchange;v=b3;q=0.7","Sec-Fetch-Site":"none","Sec-Fetch-Mode":"navigate","Sec-Fetch-User":"?1","Sec-Fetch-Dest":"document","sec-ch-ua":"\"Chromium\";v=\"136\", \"Google Chrome\";v=\"136\", \"Not.A\/Brand\";v=\"99\"","sec-ch-ua-mobile":"?0","sec-ch-ua-platform":"\"Windows\"","Accept-Encoding":"gzip, deflate, br, zstd","Accept-Language":"en-ID,en;q=0.9,id-ID;q=0.8,id;q=0.7,en-GB;q=0.6,en-US;q=0.5","Cookie":"PHPSESSID=fdtoo8bb23pr0up3bhulm8kgbc"}
[2025-05-20 09:43:48] INFO: Request body: 
